0 info it worked if it ends with ok
1 verbose cli [ 'C:\\Program Files (x86)\\nodejs\\node.exe',
1 verbose cli   'C:\\Program Files (x86)\\nodejs\\node_modules\\npm\\bin\\npm-cli.js',
1 verbose cli   'start' ]
2 info using npm@3.3.12
3 info using node@v5.4.1
4 verbose run-script [ 'prestart', 'start', 'poststart' ]
5 info lifecycle monologue@0.1.0~prestart: monologue@0.1.0
6 verbose lifecycle monologue@0.1.0~prestart: unsafe-perm in lifecycle true
7 verbose lifecycle monologue@0.1.0~prestart: PATH: C:\Program Files (x86)\nodejs\node_modules\npm\bin\node-gyp-bin;E:\_dev\monologue\node_modules\.bin;C:\Users\nospoone\bin;C:\Program Files\Git\mingw64\bin;C:\Program Files\Git\usr\local\bin;C:\Program Files\Git\usr\bin;C:\Program Files\Git\usr\bin;C:\Program Files\Git\mingw64\bin;C:\Program Files\Git\usr\bin;C:\Users\nospoone\bin;C:\Program Files\ImageMagick-6.9.3-Q16;C:\Python27;C:\Python27\Scripts;C:\ProgramData\Oracle\Java\javapath;C:\Windows\system32;C:\Windows;C:\Windows\System32\Wbem;C:\Windows\System32\WindowsPowerShell\v1.0;C:\HaxeToolkit\haxe;C:\HaxeToolkit\neko;C:\Users\nospoone\.dnx\bin;C:\Program Files\Microsoft DNX\Dnvm;C:\Program Files (x86)\Microsoft Visual Studio 10.0\VC\bin;C:\Program Files (x86)\Microsoft Visual Studio 10.0\Common7\IDE;C:\Program Files\Microsoft Windows Performance Toolkit;C:\Program Files (x86)\Microsoft SDKs\Windows\v7.0A\Include;C:\Program Files\Microsoft SQL Server\110\Tools\Binn;C:\Program Files (x86)\Microsoft Visual Studio 10.0\VC\include;C:\Program Files (x86)\Microsoft Visual Studio 10.0\VC\crt\src;C:\Program Files (x86)\Windows Kits\8.1\Windows Performance Toolkit;C:\Program Files (x86)\Skype\Phone;C:\Program Files (x86)\GtkSharp\2.12\bin;C:\Program Files (x86)\NVIDIA Corporation\PhysX\Common;C:\ProgramData\ComposerSetup\bin;C:\Program Files (x86)\Druide\Antidote 8\Programmes64;C:\Program Files (x86)\Druide\Antidote 8\Programmes32;D:\wamp\bin\php\php5.5.12;C:\Program Files (x86)\nodejs;F:\Path;C:\WINDOWS\system32;C:\WINDOWS;C:\WINDOWS\System32\Wbem;C:\WINDOWS\System32\WindowsPowerShell\v1.0;F:\Redis;C:\Program Files (x86)\Heroku\bin;C:\Program Files (x86)\git\cmd;C:\Program Files\Git\cmd;C:\Users\nospoone\AppData\Roaming\npm;C:\Program Files\Docker Toolbox;C:\Users\nospoone\AppData\Local\atom\bin;C:\Program Files\Git\usr\bin\vendor_perl;C:\Program Files\Git\usr\bin\core_perl
8 verbose lifecycle monologue@0.1.0~prestart: CWD: E:\_dev\monologue
9 silly lifecycle monologue@0.1.0~prestart: Args: [ '/d /s /c', 'gulp less && gulp jade' ]
10 silly lifecycle monologue@0.1.0~prestart: Returned: code: 0  signal: null
11 info lifecycle monologue@0.1.0~start: monologue@0.1.0
12 verbose lifecycle monologue@0.1.0~start: unsafe-perm in lifecycle true
13 verbose lifecycle monologue@0.1.0~start: PATH: C:\Program Files (x86)\nodejs\node_modules\npm\bin\node-gyp-bin;E:\_dev\monologue\node_modules\.bin;C:\Users\nospoone\bin;C:\Program Files\Git\mingw64\bin;C:\Program Files\Git\usr\local\bin;C:\Program Files\Git\usr\bin;C:\Program Files\Git\usr\bin;C:\Program Files\Git\mingw64\bin;C:\Program Files\Git\usr\bin;C:\Users\nospoone\bin;C:\Program Files\ImageMagick-6.9.3-Q16;C:\Python27;C:\Python27\Scripts;C:\ProgramData\Oracle\Java\javapath;C:\Windows\system32;C:\Windows;C:\Windows\System32\Wbem;C:\Windows\System32\WindowsPowerShell\v1.0;C:\HaxeToolkit\haxe;C:\HaxeToolkit\neko;C:\Users\nospoone\.dnx\bin;C:\Program Files\Microsoft DNX\Dnvm;C:\Program Files (x86)\Microsoft Visual Studio 10.0\VC\bin;C:\Program Files (x86)\Microsoft Visual Studio 10.0\Common7\IDE;C:\Program Files\Microsoft Windows Performance Toolkit;C:\Program Files (x86)\Microsoft SDKs\Windows\v7.0A\Include;C:\Program Files\Microsoft SQL Server\110\Tools\Binn;C:\Program Files (x86)\Microsoft Visual Studio 10.0\VC\include;C:\Program Files (x86)\Microsoft Visual Studio 10.0\VC\crt\src;C:\Program Files (x86)\Windows Kits\8.1\Windows Performance Toolkit;C:\Program Files (x86)\Skype\Phone;C:\Program Files (x86)\GtkSharp\2.12\bin;C:\Program Files (x86)\NVIDIA Corporation\PhysX\Common;C:\ProgramData\ComposerSetup\bin;C:\Program Files (x86)\Druide\Antidote 8\Programmes64;C:\Program Files (x86)\Druide\Antidote 8\Programmes32;D:\wamp\bin\php\php5.5.12;C:\Program Files (x86)\nodejs;F:\Path;C:\WINDOWS\system32;C:\WINDOWS;C:\WINDOWS\System32\Wbem;C:\WINDOWS\System32\WindowsPowerShell\v1.0;F:\Redis;C:\Program Files (x86)\Heroku\bin;C:\Program Files (x86)\git\cmd;C:\Program Files\Git\cmd;C:\Users\nospoone\AppData\Roaming\npm;C:\Program Files\Docker Toolbox;C:\Users\nospoone\AppData\Local\atom\bin;C:\Program Files\Git\usr\bin\vendor_perl;C:\Program Files\Git\usr\bin\core_perl
14 verbose lifecycle monologue@0.1.0~start: CWD: E:\_dev\monologue
15 silly lifecycle monologue@0.1.0~start: Args: [ '/d /s /c', 'electron main.js' ]
16 silly lifecycle monologue@0.1.0~start: Returned: code: 1073807364  signal: null
17 info lifecycle monologue@0.1.0~start: Failed to exec start script
18 verbose stack Error: monologue@0.1.0 start: `electron main.js`
18 verbose stack Exit status 1073807364
18 verbose stack     at EventEmitter.<anonymous> (C:\Program Files (x86)\nodejs\node_modules\npm\lib\utils\lifecycle.js:232:16)
18 verbose stack     at emitTwo (events.js:87:13)
18 verbose stack     at EventEmitter.emit (events.js:172:7)
18 verbose stack     at ChildProcess.<anonymous> (C:\Program Files (x86)\nodejs\node_modules\npm\lib\utils\spawn.js:24:14)
18 verbose stack     at emitTwo (events.js:87:13)
18 verbose stack     at ChildProcess.emit (events.js:172:7)
18 verbose stack     at maybeClose (internal/child_process.js:821:16)
18 verbose stack     at Process.ChildProcess._handle.onexit (internal/child_process.js:211:5)
19 verbose pkgid monologue@0.1.0
20 verbose cwd E:\_dev\monologue
21 error Windows_NT 10.0.10586
22 error argv "C:\\Program Files (x86)\\nodejs\\node.exe" "C:\\Program Files (x86)\\nodejs\\node_modules\\npm\\bin\\npm-cli.js" "start"
23 error node v5.4.1
24 error npm  v3.3.12
25 error code ELIFECYCLE
26 error monologue@0.1.0 start: `electron main.js`
26 error Exit status 1073807364
27 error Failed at the monologue@0.1.0 start script 'electron main.js'.
27 error Make sure you have the latest version of node.js and npm installed.
27 error If you do, this is most likely a problem with the monologue package,
27 error not with npm itself.
27 error Tell the author that this fails on your system:
27 error     electron main.js
27 error You can get their info via:
27 error     npm owner ls monologue
27 error There is likely additional logging output above.
28 verbose exit [ 1, true ]
